<?xml version="1.0" encoding="UTF-8"?>
<!-- Generated by org.testng.reporters.JUnitReportReporter -->
<testsuite hostname="DESKTOP-FU0KU9U" failures="0" tests="2" name="com.sdet.AppTest" time="0.038" errors="0" timestamp="2021-07-09T21:04:30 PDT" skipped="0">
  <testcase classname="com.sdet.AppTest" name="testlogin2" time="0.001"/>
  <system-out/>
  <testcase classname="com.sdet.AppTest" name="testlogin1" time="0.037"/>
  <system-out/>
</testsuite> <!-- com.sdet.AppTest -->
