<?xml version="1.0" encoding="UTF-8"?>
<!-- Generated by org.testng.reporters.JUnitReportReporter -->
<testsuite hostname="DESKTOP-FU0KU9U" failures="0" tests="1" name="com.sdet.TC_Login" time="88.388" errors="0" timestamp="2021-08-28T14:41:20 PDT" skipped="0">
  <testcase classname="com.sdet.TC_Login" name="login_Test" time="88.388"/>
  <system-out/>
</testsuite> <!-- com.sdet.TC_Login -->
